Performing C SOURCE FILE Test CMAKE_HAVE_LIBC_PTHREAD failed with the following output:
Change Dir: /home/runner/work/licensee/licensee/vendor/bundle/ruby/3.1.0/gems/rugged-1.4.2/vendor/libgit2/build/CMakeFiles/CMakeTmp

Run Build Command(s):/usr/bin/make -f Makefile cmTC_d66bb/fast && /usr/bin/make  -f CMakeFiles/cmTC_d66bb.dir/build.make CMakeFiles/cmTC_d66bb.dir/build
make[1]: Entering directory '/home/runner/work/licensee/licensee/vendor/bundle/ruby/3.1.0/gems/rugged-1.4.2/vendor/libgit2/build/CMakeFiles/CMakeTmp'
Building C object CMakeFiles/cmTC_d66bb.dir/src.c.o
/usr/bin/cc -DCMAKE_HAVE_LIBC_PTHREAD  -fPIC  -o CMakeFiles/cmTC_d66bb.dir/src.c.o -c /home/runner/work/licensee/licensee/vendor/bundle/ruby/3.1.0/gems/rugged-1.4.2/vendor/libgit2/build/CMakeFiles/CMakeTmp/src.c
Linking C executable cmTC_d66bb
/usr/local/bin/cmake -E cmake_link_script CMakeFiles/cmTC_d66bb.dir/link.txt --verbose=1
/usr/bin/cc -fPIC  CMakeFiles/cmTC_d66bb.dir/src.c.o -o cmTC_d66bb 
/usr/bin/ld: CMakeFiles/cmTC_d66bb.dir/src.c.o: in function `main':
src.c:(.text+0x46): undefined reference to `pthread_create'
/usr/bin/ld: src.c:(.text+0x52): undefined reference to `pthread_detach'
/usr/bin/ld: src.c:(.text+0x5e): undefined reference to `pthread_cancel'
/usr/bin/ld: src.c:(.text+0x6f): undefined reference to `pthread_join'
collect2: error: ld returned 1 exit status
make[1]: *** [CMakeFiles/cmTC_d66bb.dir/build.make:99: cmTC_d66bb] Error 1
make[1]: Leaving directory '/home/runner/work/licensee/licensee/vendor/bundle/ruby/3.1.0/gems/rugged-1.4.2/vendor/libgit2/build/CMakeFiles/CMakeTmp'
make: *** [Makefile:127: cmTC_d66bb/fast] Error 2


Source file was:
#include <pthread.h>

static void* test_func(void* data)
{
  return data;
}

int main(void)
{
  pthread_t thread;
  pthread_create(&thread, NULL, test_func, NULL);
  pthread_detach(thread);
  pthread_cancel(thread);
  pthread_join(thread, NULL);
  pthread_atfork(NULL, NULL, NULL);
  pthread_exit(NULL);

  return 0;
}

Determining if the function pthread_create exists in the pthreads failed with the following output:
Change Dir: /home/runner/work/licensee/licensee/vendor/bundle/ruby/3.1.0/gems/rugged-1.4.2/vendor/libgit2/build/CMakeFiles/CMakeTmp

Run Build Command(s):/usr/bin/make -f Makefile cmTC_5e786/fast && /usr/bin/make  -f CMakeFiles/cmTC_5e786.dir/build.make CMakeFiles/cmTC_5e786.dir/build
make[1]: Entering directory '/home/runner/work/licensee/licensee/vendor/bundle/ruby/3.1.0/gems/rugged-1.4.2/vendor/libgit2/build/CMakeFiles/CMakeTmp'
Building C object CMakeFiles/cmTC_5e786.dir/CheckFunctionExists.c.o
/usr/bin/cc   -fPIC -DCHECK_FUNCTION_EXISTS=pthread_create -o CMakeFiles/cmTC_5e786.dir/CheckFunctionExists.c.o -c /usr/local/share/cmake-3.22/Modules/CheckFunctionExists.c
Linking C executable cmTC_5e786
/usr/local/bin/cmake -E cmake_link_script CMakeFiles/cmTC_5e786.dir/link.txt --verbose=1
/usr/bin/cc -fPIC -DCHECK_FUNCTION_EXISTS=pthread_create CMakeFiles/cmTC_5e786.dir/CheckFunctionExists.c.o -o cmTC_5e786  -lpthreads 
/usr/bin/ld: cannot find -lpthreads
collect2: error: ld returned 1 exit status
make[1]: *** [CMakeFiles/cmTC_5e786.dir/build.make:99: cmTC_5e786] Error 1
make[1]: Leaving directory '/home/runner/work/licensee/licensee/vendor/bundle/ruby/3.1.0/gems/rugged-1.4.2/vendor/libgit2/build/CMakeFiles/CMakeTmp'
make: *** [Makefile:127: cmTC_5e786/fast] Error 2



Performing C SOURCE FILE Test HAVE_STRUCT_STAT_ST_MTIMESPEC failed with the following output:
Change Dir: /home/runner/work/licensee/licensee/vendor/bundle/ruby/3.1.0/gems/rugged-1.4.2/vendor/libgit2/build/CMakeFiles/CMakeTmp

Run Build Command(s):/usr/bin/make -f Makefile cmTC_e7f37/fast && /usr/bin/make  -f CMakeFiles/cmTC_e7f37.dir/build.make CMakeFiles/cmTC_e7f37.dir/build
make[1]: Entering directory '/home/runner/work/licensee/licensee/vendor/bundle/ruby/3.1.0/gems/rugged-1.4.2/vendor/libgit2/build/CMakeFiles/CMakeTmp'
Building C object CMakeFiles/cmTC_e7f37.dir/src.c.o
/usr/bin/cc -DHAVE_STRUCT_STAT_ST_MTIMESPEC  -fPIC  -o CMakeFiles/cmTC_e7f37.dir/src.c.o -c /home/runner/work/licensee/licensee/vendor/bundle/ruby/3.1.0/gems/rugged-1.4.2/vendor/libgit2/build/CMakeFiles/CMakeTmp/src.c
/home/runner/work/licensee/licensee/vendor/bundle/ruby/3.1.0/gems/rugged-1.4.2/vendor/libgit2/build/CMakeFiles/CMakeTmp/src.c: In function ‘main’:
/home/runner/work/licensee/licensee/vendor/bundle/ruby/3.1.0/gems/rugged-1.4.2/vendor/libgit2/build/CMakeFiles/CMakeTmp/src.c:7:34: error: ‘struct stat’ has no member named ‘st_mtimespec’
    7 |   (void)sizeof(((struct stat *)0)->st_mtimespec);
      |                                  ^~
make[1]: *** [CMakeFiles/cmTC_e7f37.dir/build.make:78: CMakeFiles/cmTC_e7f37.dir/src.c.o] Error 1
make[1]: Leaving directory '/home/runner/work/licensee/licensee/vendor/bundle/ruby/3.1.0/gems/rugged-1.4.2/vendor/libgit2/build/CMakeFiles/CMakeTmp'
make: *** [Makefile:127: cmTC_e7f37/fast] Error 2


Source file was:

#include <sys/types.h>
#include <sys/stat.h>

int main()
{
  (void)sizeof(((struct stat *)0)->st_mtimespec);
  return 0;
}

Performing C SOURCE FILE Test HAVE_STRUCT_STAT_MTIME_NSEC failed with the following output:
Change Dir: /home/runner/work/licensee/licensee/vendor/bundle/ruby/3.1.0/gems/rugged-1.4.2/vendor/libgit2/build/CMakeFiles/CMakeTmp

Run Build Command(s):/usr/bin/make -f Makefile cmTC_7780e/fast && /usr/bin/make  -f CMakeFiles/cmTC_7780e.dir/build.make CMakeFiles/cmTC_7780e.dir/build
make[1]: Entering directory '/home/runner/work/licensee/licensee/vendor/bundle/ruby/3.1.0/gems/rugged-1.4.2/vendor/libgit2/build/CMakeFiles/CMakeTmp'
Building C object CMakeFiles/cmTC_7780e.dir/src.c.o
/usr/bin/cc -DHAVE_STRUCT_STAT_MTIME_NSEC  -fPIC  -o CMakeFiles/cmTC_7780e.dir/src.c.o -c /home/runner/work/licensee/licensee/vendor/bundle/ruby/3.1.0/gems/rugged-1.4.2/vendor/libgit2/build/CMakeFiles/CMakeTmp/src.c
/home/runner/work/licensee/licensee/vendor/bundle/ruby/3.1.0/gems/rugged-1.4.2/vendor/libgit2/build/CMakeFiles/CMakeTmp/src.c: In function ‘main’:
/home/runner/work/licensee/licensee/vendor/bundle/ruby/3.1.0/gems/rugged-1.4.2/vendor/libgit2/build/CMakeFiles/CMakeTmp/src.c:6:34: error: ‘struct stat’ has no member named ‘st_mtime_nsec’
    6 |   (void)sizeof(((struct stat *)0)->st_mtime_nsec);
      |                                  ^~
make[1]: *** [CMakeFiles/cmTC_7780e.dir/build.make:78: CMakeFiles/cmTC_7780e.dir/src.c.o] Error 1
make[1]: Leaving directory '/home/runner/work/licensee/licensee/vendor/bundle/ruby/3.1.0/gems/rugged-1.4.2/vendor/libgit2/build/CMakeFiles/CMakeTmp'
make: *** [Makefile:127: cmTC_7780e/fast] Error 2


Source file was:

#include <sys/stat.h>

int main()
{
  (void)sizeof(((struct stat *)0)->st_mtime_nsec);
  return 0;
}

Performing C SOURCE FILE Test IS_WDOCUMENTATION_SUPPORTED failed with the following output:
Change Dir: /home/runner/work/licensee/licensee/vendor/bundle/ruby/3.1.0/gems/rugged-1.4.2/vendor/libgit2/build/CMakeFiles/CMakeTmp

Run Build Command(s):/usr/bin/make -f Makefile cmTC_16e21/fast && /usr/bin/make  -f CMakeFiles/cmTC_16e21.dir/build.make CMakeFiles/cmTC_16e21.dir/build
make[1]: Entering directory '/home/runner/work/licensee/licensee/vendor/bundle/ruby/3.1.0/gems/rugged-1.4.2/vendor/libgit2/build/CMakeFiles/CMakeTmp'
Building C object CMakeFiles/cmTC_16e21.dir/src.c.o
/usr/bin/cc -DIS_WDOCUMENTATION_SUPPORTED  -D_GNU_SOURCE -fPIC -Wall -Wextra    -Wdocumentation -o CMakeFiles/cmTC_16e21.dir/src.c.o -c /home/runner/work/licensee/licensee/vendor/bundle/ruby/3.1.0/gems/rugged-1.4.2/vendor/libgit2/build/CMakeFiles/CMakeTmp/src.c
cc: error: unrecognized command line option '-Wdocumentation'
make[1]: *** [CMakeFiles/cmTC_16e21.dir/build.make:78: CMakeFiles/cmTC_16e21.dir/src.c.o] Error 1
make[1]: Leaving directory '/home/runner/work/licensee/licensee/vendor/bundle/ruby/3.1.0/gems/rugged-1.4.2/vendor/libgit2/build/CMakeFiles/CMakeTmp'
make: *** [Makefile:127: cmTC_16e21/fast] Error 2


Source file was:
int main(void) { return 0; }
Performing C SOURCE FILE Test IS_WC11_EXTENSIONS_SUPPORTED failed with the following output:
Change Dir: /home/runner/work/licensee/licensee/vendor/bundle/ruby/3.1.0/gems/rugged-1.4.2/vendor/libgit2/build/CMakeFiles/CMakeTmp

Run Build Command(s):/usr/bin/make -f Makefile cmTC_aa105/fast && /usr/bin/make  -f CMakeFiles/cmTC_aa105.dir/build.make CMakeFiles/cmTC_aa105.dir/build
make[1]: Entering directory '/home/runner/work/licensee/licensee/vendor/bundle/ruby/3.1.0/gems/rugged-1.4.2/vendor/libgit2/build/CMakeFiles/CMakeTmp'
Building C object CMakeFiles/cmTC_aa105.dir/src.c.o
/usr/bin/cc -DIS_WC11_EXTENSIONS_SUPPORTED  -D_GNU_SOURCE -fPIC -Wall -Wextra -Wno-documentation-deprecated-sync -Wno-missing-field-initializers -Wmissing-declarations -Wstrict-aliasing -Wstrict-prototypes -Wdeclaration-after-statement -Wshift-count-overflow -Wunused-const-variable -Wunused-function -Wint-conversion    -Wc11-extensions -o CMakeFiles/cmTC_aa105.dir/src.c.o -c /home/runner/work/licensee/licensee/vendor/bundle/ruby/3.1.0/gems/rugged-1.4.2/vendor/libgit2/build/CMakeFiles/CMakeTmp/src.c
cc: error: unrecognized command line option '-Wc11-extensions'; did you mean '-fms-extensions'?
make[1]: *** [CMakeFiles/cmTC_aa105.dir/build.make:78: CMakeFiles/cmTC_aa105.dir/src.c.o] Error 1
make[1]: Leaving directory '/home/runner/work/licensee/licensee/vendor/bundle/ruby/3.1.0/gems/rugged-1.4.2/vendor/libgit2/build/CMakeFiles/CMakeTmp'
make: *** [Makefile:127: cmTC_aa105/fast] Error 2


Source file was:
int main(void) { return 0; }
Determining if the prototype qsort_r exists for GIT_QSORT_R_BSD failed with the following output:
Change Dir: /home/runner/work/licensee/licensee/vendor/bundle/ruby/3.1.0/gems/rugged-1.4.2/vendor/libgit2/build/CMakeFiles/CMakeTmp

Run Build Command(s):/usr/bin/make -f Makefile cmTC_80dff/fast && /usr/bin/make  -f CMakeFiles/cmTC_80dff.dir/build.make CMakeFiles/cmTC_80dff.dir/build
make[1]: Entering directory '/home/runner/work/licensee/licensee/vendor/bundle/ruby/3.1.0/gems/rugged-1.4.2/vendor/libgit2/build/CMakeFiles/CMakeTmp'
Building C object CMakeFiles/cmTC_80dff.dir/CheckPrototypeDefinition.c.o
/usr/bin/cc   -D_GNU_SOURCE -fPIC -Wall -Wextra -Wno-documentation-deprecated-sync -Wno-missing-field-initializers -Wmissing-declarations -Wstrict-aliasing -Wstrict-prototypes -Wdeclaration-after-statement -Wshift-count-overflow -Wunused-const-variable -Wunused-function -Wint-conversion -Wc99-c11-compat -Wformat -Wformat-security  -o CMakeFiles/cmTC_80dff.dir/CheckPrototypeDefinition.c.o -c /home/runner/work/licensee/licensee/vendor/bundle/ruby/3.1.0/gems/rugged-1.4.2/vendor/libgit2/build/CMakeFiles/CMakeTmp/CheckPrototypeDefinition.c
/home/runner/work/licensee/licensee/vendor/bundle/ruby/3.1.0/gems/rugged-1.4.2/vendor/libgit2/build/CMakeFiles/CMakeTmp/CheckPrototypeDefinition.c:14:6: error: conflicting types for ‘qsort_r’
   14 | void qsort_r(void *base, size_t nmemb, size_t size, void *thunk, int (*compar)(void *, const void *, const void *)) {
      |      ^~~~~~~
In file included from /home/runner/work/licensee/licensee/vendor/bundle/ruby/3.1.0/gems/rugged-1.4.2/vendor/libgit2/build/CMakeFiles/CMakeTmp/CheckPrototypeDefinition.c:1:
/usr/include/stdlib.h:833:13: note: previous declaration of ‘qsort_r’ was here
  833 | extern void qsort_r (void *__base, size_t __nmemb, size_t __size,
      |             ^~~~~~~
/home/runner/work/licensee/licensee/vendor/bundle/ruby/3.1.0/gems/rugged-1.4.2/vendor/libgit2/build/CMakeFiles/CMakeTmp/CheckPrototypeDefinition.c: In function ‘qsort_r’:
/home/runner/work/licensee/licensee/vendor/bundle/ruby/3.1.0/gems/rugged-1.4.2/vendor/libgit2/build/CMakeFiles/CMakeTmp/CheckPrototypeDefinition.c:14:20: warning: unused parameter ‘base’ [-Wunused-parameter]
   14 | void qsort_r(void *base, size_t nmemb, size_t size, void *thunk, int (*compar)(void *, const void *, const void *)) {
      |              ~~~~~~^~~~
/home/runner/work/licensee/licensee/vendor/bundle/ruby/3.1.0/gems/rugged-1.4.2/vendor/libgit2/build/CMakeFiles/CMakeTmp/CheckPrototypeDefinition.c:14:33: warning: unused parameter ‘nmemb’ [-Wunused-parameter]
   14 | void qsort_r(void *base, size_t nmemb, size_t size, void *thunk, int (*compar)(void *, const void *, const void *)) {
      |                          ~~~~~~~^~~~~
/home/runner/work/licensee/licensee/vendor/bundle/ruby/3.1.0/gems/rugged-1.4.2/vendor/libgit2/build/CMakeFiles/CMakeTmp/CheckPrototypeDefinition.c:14:47: warning: unused parameter ‘size’ [-Wunused-parameter]
   14 | void qsort_r(void *base, size_t nmemb, size_t size, void *thunk, int (*compar)(void *, const void *, const void *)) {
      |                                        ~~~~~~~^~~~
/home/runner/work/licensee/licensee/vendor/bundle/ruby/3.1.0/gems/rugged-1.4.2/vendor/libgit2/build/CMakeFiles/CMakeTmp/CheckPrototypeDefinition.c:14:59: warning: unused parameter ‘thunk’ [-Wunused-parameter]
   14 | void qsort_r(void *base, size_t nmemb, size_t size, void *thunk, int (*compar)(void *, const void *, const void *)) {
      |                                                     ~~~~~~^~~~~
/home/runner/work/licensee/licensee/vendor/bundle/ruby/3.1.0/gems/rugged-1.4.2/vendor/libgit2/build/CMakeFiles/CMakeTmp/CheckPrototypeDefinition.c:14:72: warning: unused parameter ‘compar’ [-Wunused-parameter]
   14 | void qsort_r(void *base, size_t nmemb, size_t size, void *thunk, int (*compar)(void *, const void *, const void *)) {
      |                                                                  ~~~~~~^~~~~~~~~~~~~~~~~~~~~~~~~~~~~~~~~~~~~~~~~~~
/home/runner/work/licensee/licensee/vendor/bundle/ruby/3.1.0/gems/rugged-1.4.2/vendor/libgit2/build/CMakeFiles/CMakeTmp/CheckPrototypeDefinition.c: At top level:
cc1: warning: unrecognized command line option ‘-Wno-documentation-deprecated-sync’
make[1]: *** [CMakeFiles/cmTC_80dff.dir/build.make:78: CMakeFiles/cmTC_80dff.dir/CheckPrototypeDefinition.c.o] Error 1
make[1]: Leaving directory '/home/runner/work/licensee/licensee/vendor/bundle/ruby/3.1.0/gems/rugged-1.4.2/vendor/libgit2/build/CMakeFiles/CMakeTmp'
make: *** [Makefile:127: cmTC_80dff/fast] Error 2



#include <stdlib.h>


static void cmakeRequireSymbol(int dummy, ...) {
  (void) dummy;
}

static void checkSymbol(void) {
#ifndef qsort_r
  cmakeRequireSymbol(0, &qsort_r);
#endif
}

void qsort_r(void *base, size_t nmemb, size_t size, void *thunk, int (*compar)(void *, const void *, const void *)) {
  return ;
}

#ifdef __CLASSIC_C__
int main() {
  int ac;
  char*av[];
#else
int main(int ac, char *av[]) {
#endif
  checkSymbol();
  if (ac > 1000) {
    return *av[0];
  }
  return 0;
}


Determining if the function qsort_s exists failed with the following output:
Change Dir: /home/runner/work/licensee/licensee/vendor/bundle/ruby/3.1.0/gems/rugged-1.4.2/vendor/libgit2/build/CMakeFiles/CMakeTmp

Run Build Command(s):/usr/bin/make -f Makefile cmTC_9b2bd/fast && /usr/bin/make  -f CMakeFiles/cmTC_9b2bd.dir/build.make CMakeFiles/cmTC_9b2bd.dir/build
make[1]: Entering directory '/home/runner/work/licensee/licensee/vendor/bundle/ruby/3.1.0/gems/rugged-1.4.2/vendor/libgit2/build/CMakeFiles/CMakeTmp'
Building C object CMakeFiles/cmTC_9b2bd.dir/CheckFunctionExists.c.o
/usr/bin/cc   -D_GNU_SOURCE -fPIC -Wall -Wextra -Wno-documentation-deprecated-sync -Wno-missing-field-initializers -Wmissing-declarations -Wstrict-aliasing -Wstrict-prototypes -Wdeclaration-after-statement -Wshift-count-overflow -Wunused-const-variable -Wunused-function -Wint-conversion -Wc99-c11-compat -Wformat -Wformat-security -DCHECK_FUNCTION_EXISTS=qsort_s -o CMakeFiles/cmTC_9b2bd.dir/CheckFunctionExists.c.o -c /usr/local/share/cmake-3.22/Modules/CheckFunctionExists.c
Linking C executable cmTC_9b2bd
/usr/local/bin/cmake -E cmake_link_script CMakeFiles/cmTC_9b2bd.dir/link.txt --verbose=1
/usr/bin/cc -D_GNU_SOURCE -fPIC -Wall -Wextra -Wno-documentation-deprecated-sync -Wno-missing-field-initializers -Wmissing-declarations -Wstrict-aliasing -Wstrict-prototypes -Wdeclaration-after-statement -Wshift-count-overflow -Wunused-const-variable -Wunused-function -Wint-conversion -Wc99-c11-compat -Wformat -Wformat-security -DCHECK_FUNCTION_EXISTS=qsort_s CMakeFiles/cmTC_9b2bd.dir/CheckFunctionExists.c.o -o cmTC_9b2bd 
/usr/bin/ld: CMakeFiles/cmTC_9b2bd.dir/CheckFunctionExists.c.o: in function `main':
CheckFunctionExists.c:(.text+0x14): undefined reference to `qsort_s'
collect2: error: ld returned 1 exit status
make[1]: *** [CMakeFiles/cmTC_9b2bd.dir/build.make:99: cmTC_9b2bd] Error 1
make[1]: Leaving directory '/home/runner/work/licensee/licensee/vendor/bundle/ruby/3.1.0/gems/rugged-1.4.2/vendor/libgit2/build/CMakeFiles/CMakeTmp'
make: *** [Makefile:127: cmTC_9b2bd/fast] Error 2



Determining if the include file windows.h exists failed with the following output:
Change Dir: /home/runner/work/licensee/licensee/vendor/bundle/ruby/3.1.0/gems/rugged-1.4.2/vendor/libgit2/build/CMakeFiles/CMakeTmp

Run Build Command(s):/usr/bin/make -f Makefile cmTC_f1038/fast && /usr/bin/make  -f CMakeFiles/cmTC_f1038.dir/build.make CMakeFiles/cmTC_f1038.dir/build
make[1]: Entering directory '/home/runner/work/licensee/licensee/vendor/bundle/ruby/3.1.0/gems/rugged-1.4.2/vendor/libgit2/build/CMakeFiles/CMakeTmp'
Building C object CMakeFiles/cmTC_f1038.dir/CheckIncludeFile.c.o
/usr/bin/cc   -D_GNU_SOURCE -fPIC -Wall -Wextra -Wno-documentation-deprecated-sync -Wno-missing-field-initializers -Wmissing-declarations -Wstrict-aliasing -Wstrict-prototypes -Wdeclaration-after-statement -Wshift-count-overflow -Wunused-const-variable -Wunused-function -Wint-conversion -Wc99-c11-compat -Wformat -Wformat-security  -o CMakeFiles/cmTC_f1038.dir/CheckIncludeFile.c.o -c /home/runner/work/licensee/licensee/vendor/bundle/ruby/3.1.0/gems/rugged-1.4.2/vendor/libgit2/build/CMakeFiles/CMakeTmp/CheckIncludeFile.c
/home/runner/work/licensee/licensee/vendor/bundle/ruby/3.1.0/gems/rugged-1.4.2/vendor/libgit2/build/CMakeFiles/CMakeTmp/CheckIncludeFile.c:1:10: fatal error: windows.h: No such file or directory
    1 | #include <windows.h>
      |          ^~~~~~~~~~~
compilation terminated.
make[1]: *** [CMakeFiles/cmTC_f1038.dir/build.make:78: CMakeFiles/cmTC_f1038.dir/CheckIncludeFile.c.o] Error 1
make[1]: Leaving directory '/home/runner/work/licensee/licensee/vendor/bundle/ruby/3.1.0/gems/rugged-1.4.2/vendor/libgit2/build/CMakeFiles/CMakeTmp'
make: *** [Makefile:127: cmTC_f1038/fast] Error 2



Determining if the function _strtoi64 exists failed with the following output:
Change Dir: /home/runner/work/licensee/licensee/vendor/bundle/ruby/3.1.0/gems/rugged-1.4.2/vendor/libgit2/build/CMakeFiles/CMakeTmp

Run Build Command(s):/usr/bin/make -f Makefile cmTC_a19ff/fast && /usr/bin/make  -f CMakeFiles/cmTC_a19ff.dir/build.make CMakeFiles/cmTC_a19ff.dir/build
make[1]: Entering directory '/home/runner/work/licensee/licensee/vendor/bundle/ruby/3.1.0/gems/rugged-1.4.2/vendor/libgit2/build/CMakeFiles/CMakeTmp'
Building C object CMakeFiles/cmTC_a19ff.dir/CheckFunctionExists.c.o
/usr/bin/cc   -D_GNU_SOURCE -fPIC -Wall -Wextra -Wno-documentation-deprecated-sync -Wno-missing-field-initializers -Wmissing-declarations -Wstrict-aliasing -Wstrict-prototypes -Wdeclaration-after-statement -Wshift-count-overflow -Wunused-const-variable -Wunused-function -Wint-conversion -Wc99-c11-compat -Wformat -Wformat-security -DCHECK_FUNCTION_EXISTS=_strtoi64 -o CMakeFiles/cmTC_a19ff.dir/CheckFunctionExists.c.o -c /usr/local/share/cmake-3.22/Modules/CheckFunctionExists.c
Linking C executable cmTC_a19ff
/usr/local/bin/cmake -E cmake_link_script CMakeFiles/cmTC_a19ff.dir/link.txt --verbose=1
/usr/bin/cc -D_GNU_SOURCE -fPIC -Wall -Wextra -Wno-documentation-deprecated-sync -Wno-missing-field-initializers -Wmissing-declarations -Wstrict-aliasing -Wstrict-prototypes -Wdeclaration-after-statement -Wshift-count-overflow -Wunused-const-variable -Wunused-function -Wint-conversion -Wc99-c11-compat -Wformat -Wformat-security -DCHECK_FUNCTION_EXISTS=_strtoi64 CMakeFiles/cmTC_a19ff.dir/CheckFunctionExists.c.o -o cmTC_a19ff 
/usr/bin/ld: CMakeFiles/cmTC_a19ff.dir/CheckFunctionExists.c.o: in function `main':
CheckFunctionExists.c:(.text+0x14): undefined reference to `_strtoi64'
collect2: error: ld returned 1 exit status
make[1]: *** [CMakeFiles/cmTC_a19ff.dir/build.make:99: cmTC_a19ff] Error 1
make[1]: Leaving directory '/home/runner/work/licensee/licensee/vendor/bundle/ruby/3.1.0/gems/rugged-1.4.2/vendor/libgit2/build/CMakeFiles/CMakeTmp'
make: *** [Makefile:127: cmTC_a19ff/fast] Error 2



